2025/03/27 14:15:48 Application starting...
2025/03/27 14:18:25 Application starting...
2025/03/27 14:22:44 Application starting...
2025/03/27 14:26:12 Application starting...
2025/03/27 14:34:54 Application starting...
2025/03/27 14:35:10 Application starting...
2025/03/27 14:35:29 Application starting...
2025/03/27 14:36:39 Application starting...
2025/03/27 14:36:39 Mouse released at (1616, 1170)
2025/03/27 14:36:40 Error extracting text from item image: failed to execute Python script: exit status 2, output: python: can't open file 'C:\\Users\\Sam\\Desktop\\dev\\go\\ocr_replacement.py': [Errno 2] No such file or directory

2025/03/27 14:36:58 Mouse released at (1174, 1149)
2025/03/27 14:36:59 Processing time: 0.730 seconds
2025/03/27 14:37:06 Mouse released at (1248, 1880)
2025/03/27 14:37:06 Processing time: 0.712 seconds
2025/03/27 14:37:10 Mouse released at (1075, 2140)
2025/03/27 14:37:11 Processing time: 0.752 seconds
2025/03/27 14:37:19 Mouse released at (349, 703)
2025/03/27 14:37:20 Processing time: 0.920 seconds
2025/03/27 14:37:33 Mouse released at (2848, 858)
2025/03/27 14:37:34 Processing time: 0.847 seconds
2025/03/27 14:37:35 Mouse released at (-1454, 1575)
2025/03/27 14:37:36 Processing time: 0.807 seconds
2025/03/27 14:37:38 Mouse released at (2710, 716)
2025/03/27 14:37:39 Processing time: 0.787 seconds
2025/03/27 14:37:39 Mouse released at (2710, 716)
2025/03/27 14:37:39 Processing time: 0.764 seconds
2025/03/27 14:37:41 Mouse released at (2102, 851)
2025/03/27 14:37:42 Processing time: 0.754 seconds
2025/03/27 14:37:50 Mouse released at (-1716, 715)
2025/03/27 14:37:51 Processing time: 0.767 seconds
2025/03/27 14:37:52 Mouse released at (-1714, 1091)
2025/03/27 14:37:52 Processing time: 0.763 seconds
2025/03/27 14:37:53 Mouse released at (-1715, 1139)
2025/03/27 14:37:54 Processing time: 0.762 seconds
2025/03/27 14:37:54 Mouse released at (-1719, 1236)
2025/03/27 14:37:54 Processing time: 0.757 seconds
2025/03/27 14:37:56 Mouse released at (-1720, 961)
2025/03/27 14:37:57 Processing time: 0.774 seconds
2025/03/27 14:37:57 Mouse released at (-1720, 925)
2025/03/27 14:37:58 Processing time: 0.763 seconds
2025/03/27 14:37:59 Mouse released at (-1734, 1117)
2025/03/27 14:38:00 Processing time: 0.763 seconds
2025/03/27 14:38:01 Mouse released at (2101, 746)
2025/03/27 14:38:02 Processing time: 0.769 seconds
2025/03/27 14:38:11 Mouse released at (-872, 1351)
2025/03/27 14:38:12 Processing time: 0.761 seconds
2025/03/27 15:00:15 Application starting...
2025/03/27 15:00:21 Mouse released at (1730, 1301)
2025/03/27 15:00:23 Processing time: 2.271 seconds
2025/03/27 15:00:33 Mouse released at (-1036, 1434)
2025/03/27 15:00:34 Error formatting data: data validation failed
2025/03/27 15:00:37 Mouse released at (2102, 840)
2025/03/27 15:00:38 Error formatting data: data validation failed
2025/03/27 15:00:42 Mouse released at (2124, 633)
2025/03/27 15:00:43 Error formatting data: data validation failed
2025/03/27 15:00:44 Mouse released at (2111, 638)
2025/03/27 15:00:45 Error formatting data: data validation failed
2025/03/27 15:00:47 Mouse released at (2116, 1239)
2025/03/27 15:00:48 Error formatting data: data validation failed
2025/03/27 15:00:52 Mouse released at (2102, 954)
2025/03/27 15:00:53 Error formatting data: data validation failed
2025/03/27 15:00:53 Mouse released at (2107, 1041)
2025/03/27 15:00:55 Error formatting data: data validation failed
2025/03/27 15:01:13 Mouse released at (2138, 940)
2025/03/27 15:01:14 Error formatting data: data validation failed
2025/03/27 15:08:59 Application starting...
2025/03/27 15:09:01 Mouse released at (-1087, 772)
2025/03/27 15:09:02 Error formatting data: data validation failed
2025/03/27 15:09:05 Mouse released at (-1754, 806)
2025/03/27 15:09:06 Error formatting data: data validation failed
2025/03/27 15:09:06 Mouse released at (-1744, 964)
2025/03/27 15:09:08 Error formatting data: data validation failed
2025/03/27 15:09:09 Mouse released at (-1709, 961)
2025/03/27 15:09:11 Error formatting data: data validation failed
2025/03/27 15:09:13 Mouse released at (-1066, 1414)
2025/03/27 15:09:14 Error formatting data: data validation failed
2025/03/28 12:14:17 Application starting...
2025/03/28 12:14:23 Mouse released at (1714, 1899)
2025/03/28 12:14:23 Error extracting text from item image: failed to execute Python script: exit status 9009, output: Python was not found; run without arguments to install from the Microsoft Store, or disable this shortcut from Settings > Apps > Advanced app settings > App execution aliases.

2025/03/28 12:14:39 Mouse released at (1618, 1891)
2025/03/28 12:14:40 Error extracting text from item image: failed to execute Python script: exit status 9009, output: Python was not found; run without arguments to install from the Microsoft Store, or disable this shortcut from Settings > Apps > Advanced app settings > App execution aliases.

2025/03/28 12:22:22 Application starting...
2025/03/28 12:22:25 Mouse released at (1861, 1217)
2025/03/28 12:22:26 Error extracting text from item image: failed to execute Python script: exit status 9009, output: Python was not found; run without arguments to install from the Microsoft Store, or disable this shortcut from Settings > Apps > Advanced app settings > App execution aliases.

2025/03/28 12:22:27 Mouse released at (1660, 1675)
2025/03/28 12:22:28 Error extracting text from item image: failed to execute Python script: exit status 9009, output: Python was not found; run without arguments to install from the Microsoft Store, or disable this shortcut from Settings > Apps > Advanced app settings > App execution aliases.

